<?xml version="1.0" encoding="utf-8"?>
<TestRun id="22c566ab-b2ee-4d6d-bd25-6787858d3195" name="User@DESKTOP-UETCMBK 2025-11-25 10:50:38" runUser="DESKTOP-UETCMBK\User" xmlns="http://microsoft.com/schemas/VisualStudio/TeamTest/2010">
  <Times creation="2025-11-25T10:50:38.4140671+08:00" queuing="2025-11-25T10:50:38.4140673+08:00" start="2025-11-25T10:50:37.7741126+08:00" finish="2025-11-25T10:50:38.4198953+08:00" />
  <TestSettings name="default" id="32103618-0217-4123-a226-d9014349a195">
    <Deployment runDeploymentRoot="User_DESKTOP-UETCMBK_2025-11-25_10_50_38" />
  </TestSettings>
  <Results>
    <UnitTestResult executionId="a0db42e2-fa75-4ca5-8adb-ac2df89e192c" testId="176d7c9b-3fd9-5adf-8df2-62a5d97872a4" testName="Spade.Tests.Refinement.MeshRefinementTests.Refine_WithMaxArea_SplitsLargeTriangle" computerName="DESKTOP-UETCMBK" duration="00:00:00.0755285" startTime="2025-11-25T10:50:38.3297538+08:00" endTime="2025-11-25T10:50:38.3297658+08:00" testType="13cdc9d9-ddb5-4fa4-a97d-d965ccfc6d4b" outcome="Failed" testListId="8c84fa94-04c1-424b-9868-57a2d4851a1d" relativeResultsDirectory="a0db42e2-fa75-4ca5-8adb-ac2df89e192c">
      <Output>
        <ErrorInfo>
          <Message>Expected refinedMaxArea to be less than 50.0, but found 50.0.</Message>
          <StackTrace>   at FluentAssertions.Execution.LateBoundTestFramework.Throw(String message)&#xD;
   at FluentAssertions.Execution.DefaultAssertionStrategy.HandleFailure(String message)&#xD;
   at FluentAssertions.Execution.AssertionScope.AddPreFormattedFailure(String formattedFailureMessage)&#xD;
   at FluentAssertions.Execution.AssertionChain.FailWith(Func`1 getFailureReason)&#xD;
   at FluentAssertions.Execution.AssertionChain.FailWith(Func`1 getFailureReason)&#xD;
   at FluentAssertions.Execution.AssertionChain.FailWith(String message, Object[] args)&#xD;
   at FluentAssertions.Numeric.NumericAssertionsBase`3.BeLessThan(T expected, String because, Object[] becauseArgs)&#xD;
   at Spade.Tests.Refinement.MeshRefinementTests.Refine_WithMaxArea_SplitsLargeTriangle() in D:\lunar-snake\personal-work\yokan-projects\pigeon-pea\dotnet\_lib\spade-port\dotnet\tests\Spade.Tests\Refinement\MeshRefinementTests.cs:line 73&#xD;
   at System.RuntimeMethodHandle.InvokeMethod(Object target, Void** arguments, Signature sig, Boolean isConstructor)&#xD;
   at System.Reflection.MethodBaseInvoker.InvokeWithNoArgs(Object obj, BindingFlags invokeAttr)</StackTrace>
        </ErrorInfo>
      </Output>
    </UnitTestResult>
  </Results>
  <TestDefinitions>
    <UnitTest name="Spade.Tests.Refinement.MeshRefinementTests.Refine_WithMaxArea_SplitsLargeTriangle" storage="d:\lunar-snake\personal-work\yokan-projects\pigeon-pea\dotnet\_lib\spade-port\dotnet\tests\spade.tests\bin\debug\net9.0\spade.tests.dll" id="176d7c9b-3fd9-5adf-8df2-62a5d97872a4">
      <Execution id="a0db42e2-fa75-4ca5-8adb-ac2df89e192c" />
      <TestMethod codeBase="D:\lunar-snake\personal-work\yokan-projects\pigeon-pea\dotnet\_lib\spade-port\dotnet\tests\Spade.Tests\bin\Debug\net9.0\Spade.Tests.dll" adapterTypeName="executor://xunit/VsTestRunner2/netcoreapp" className="Spade.Tests.Refinement.MeshRefinementTests" name="Refine_WithMaxArea_SplitsLargeTriangle" />
    </UnitTest>
  </TestDefinitions>
  <TestEntries>
    <TestEntry testId="176d7c9b-3fd9-5adf-8df2-62a5d97872a4" executionId="a0db42e2-fa75-4ca5-8adb-ac2df89e192c" testListId="8c84fa94-04c1-424b-9868-57a2d4851a1d" />
  </TestEntries>
  <TestLists>
    <TestList name="不在清單中的結果" id="8c84fa94-04c1-424b-9868-57a2d4851a1d" />
    <TestList name="所有載入的結果" id="19431567-8539-422a-85d7-44ee4e166bda" />
  </TestLists>
  <ResultSummary outcome="Failed">
    <Counters total="1" executed="1" passed="0" failed="1" error="0" timeout="0" aborted="0" inconclusive="0" passedButRunAborted="0" notRunnable="0" notExecuted="0" disconnected="0" warning="0" completed="0" inProgress="0" pending="0" />
    <Output>
      <StdOut>[xUnit.net 00:00:00.00] xUnit.net VSTest Adapter v2.8.2+699d445a1a (64-bit .NET 9.0.11)&#xD;
[xUnit.net 00:00:00.06]   Discovering: Spade.Tests&#xD;
[xUnit.net 00:00:00.09]   Discovered:  Spade.Tests&#xD;
[xUnit.net 00:00:00.09]   Starting:    Spade.Tests&#xD;
     Warning:&#xD;
     The component "Fluent Assertions" is governed by the rules defined in the Xceed License Agreement and&#xD;
     the Xceed Fluent Assertions Community License. You may use Fluent Assertions free of charge for&#xD;
     non-commercial use only. An active subscription is required to use Fluent Assertions for commercial use.&#xD;
     Please contact Xceed Sales mailto:sales@xceed.com to acquire a subscription at a very low cost.&#xD;
     A paid commercial license supports the development and continued increasing support of&#xD;
     Fluent Assertions users under both commercial and community licenses. Help us&#xD;
     keep Fluent Assertions at the forefront of unit testing.&#xD;
     For more information, visit https://xceed.com/products/unit-testing/fluent-assertions/&#xD;
[xUnit.net 00:00:00.20]       Expected refinedMaxArea to be less than 50.0, but found 50.0.&#xD;
[xUnit.net 00:00:00.20]       Stack Trace:&#xD;
[xUnit.net 00:00:00.20]            at FluentAssertions.Execution.LateBoundTestFramework.Throw(String message)&#xD;
[xUnit.net 00:00:00.20]            at FluentAssertions.Execution.DefaultAssertionStrategy.HandleFailure(String message)&#xD;
[xUnit.net 00:00:00.20]            at FluentAssertions.Execution.AssertionScope.AddPreFormattedFailure(String formattedFailureMessage)&#xD;
[xUnit.net 00:00:00.20]            at FluentAssertions.Execution.AssertionChain.FailWith(Func`1 getFailureReason)&#xD;
[xUnit.net 00:00:00.20]            at FluentAssertions.Execution.AssertionChain.FailWith(Func`1 getFailureReason)&#xD;
[xUnit.net 00:00:00.20]            at FluentAssertions.Execution.AssertionChain.FailWith(String message, Object[] args)&#xD;
[xUnit.net 00:00:00.20]            at FluentAssertions.Numeric.NumericAssertionsBase`3.BeLessThan(T expected, String because, Object[] becauseArgs)&#xD;
[xUnit.net 00:00:00.20]         D:\lunar-snake\personal-work\yokan-projects\pigeon-pea\dotnet\_lib\spade-port\dotnet\tests\Spade.Tests\Refinement\MeshRefinementTests.cs(73,0): at Spade.Tests.Refinement.MeshRefinementTests.Refine_WithMaxArea_SplitsLargeTriangle()&#xD;
[xUnit.net 00:00:00.20]            at System.RuntimeMethodHandle.InvokeMethod(Object target, Void** arguments, Signature sig, Boolean isConstructor)&#xD;
[xUnit.net 00:00:00.20]            at System.Reflection.MethodBaseInvoker.InvokeWithNoArgs(Object obj, BindingFlags invokeAttr)&#xD;
[xUnit.net 00:00:00.20]   Finished:    Spade.Tests&#xD;
</StdOut>
    </Output>
    <RunInfos>
      <RunInfo computerName="DESKTOP-UETCMBK" outcome="Error" timestamp="2025-11-25T10:50:38.3278260+08:00">
        <Text>[xUnit.net 00:00:00.20]     Spade.Tests.Refinement.MeshRefinementTests.Refine_WithMaxArea_SplitsLargeTriangle [FAIL]</Text>
      </RunInfo>
    </RunInfos>
  </ResultSummary>
</TestRun>