<?xml version="1.0" encoding="utf-8"?>
<TestRun id="b95b004a-b98e-4041-bf34-fa70b59dfdc7" name="User@DESKTOP-UETCMBK 2025-11-25 10:31:35" runUser="DESKTOP-UETCMBK\User" xmlns="http://microsoft.com/schemas/VisualStudio/TeamTest/2010">
  <Times creation="2025-11-25T10:31:35.4218931+08:00" queuing="2025-11-25T10:31:35.4218933+08:00" start="2025-11-25T10:31:34.8231518+08:00" finish="2025-11-25T10:31:35.4261986+08:00" />
  <TestSettings name="default" id="37e36d4b-e297-4a23-8b05-c48482f3559e">
    <Deployment runDeploymentRoot="User_DESKTOP-UETCMBK_2025-11-25_10_31_35" />
  </TestSettings>
  <Results>
    <UnitTestResult executionId="a687c580-90cd-4f95-90ab-d7c65c5f7631" testId="149461ba-c0a8-9c51-8e41-dddf2b61ec8d" testName="Spade.Tests.ConstrainedDelaunayTriangulationTests.AddConstraints_PolygonWithHole_BoundaryConstraintsAndPreventsCrossing" computerName="DESKTOP-UETCMBK" duration="00:00:00.0639311" startTime="2025-11-25T10:31:35.3390100+08:00" endTime="2025-11-25T10:31:35.3390224+08:00" testType="13cdc9d9-ddb5-4fa4-a97d-d965ccfc6d4b" outcome="Failed" testListId="8c84fa94-04c1-424b-9868-57a2d4851a1d" relativeResultsDirectory="a687c580-90cd-4f95-90ab-d7c65c5f7631">
      <Output>
        <ErrorInfo>
          <Message>Expected boolean to be True, but found False.</Message>
          <StackTrace>   at FluentAssertions.Execution.LateBoundTestFramework.Throw(String message)&#xD;
   at FluentAssertions.Execution.DefaultAssertionStrategy.HandleFailure(String message)&#xD;
   at FluentAssertions.Execution.AssertionScope.AddPreFormattedFailure(String formattedFailureMessage)&#xD;
   at FluentAssertions.Execution.AssertionChain.FailWith(Func`1 getFailureReason)&#xD;
   at FluentAssertions.Execution.AssertionChain.FailWith(Func`1 getFailureReason)&#xD;
   at FluentAssertions.Execution.AssertionChain.FailWith(String message, Object[] args)&#xD;
   at FluentAssertions.Primitives.BooleanAssertions`1.BeTrue(String because, Object[] becauseArgs)&#xD;
   at Spade.Tests.ConstrainedDelaunayTriangulationTests.AddConstraints_PolygonWithHole_BoundaryConstraintsAndPreventsCrossing() in D:\lunar-snake\personal-work\yokan-projects\pigeon-pea\dotnet\_lib\spade-port\dotnet\tests\Spade.Tests\ConstrainedDelaunayTriangulationTests.cs:line 395&#xD;
   at System.RuntimeMethodHandle.InvokeMethod(Object target, Void** arguments, Signature sig, Boolean isConstructor)&#xD;
   at System.Reflection.MethodBaseInvoker.InvokeWithNoArgs(Object obj, BindingFlags invokeAttr)</StackTrace>
        </ErrorInfo>
      </Output>
    </UnitTestResult>
  </Results>
  <TestDefinitions>
    <UnitTest name="Spade.Tests.ConstrainedDelaunayTriangulationTests.AddConstraints_PolygonWithHole_BoundaryConstraintsAndPreventsCrossing" storage="d:\lunar-snake\personal-work\yokan-projects\pigeon-pea\dotnet\_lib\spade-port\dotnet\tests\spade.tests\bin\debug\net9.0\spade.tests.dll" id="149461ba-c0a8-9c51-8e41-dddf2b61ec8d">
      <Execution id="a687c580-90cd-4f95-90ab-d7c65c5f7631" />
      <TestMethod codeBase="D:\lunar-snake\personal-work\yokan-projects\pigeon-pea\dotnet\_lib\spade-port\dotnet\tests\Spade.Tests\bin\Debug\net9.0\Spade.Tests.dll" adapterTypeName="executor://xunit/VsTestRunner2/netcoreapp" className="Spade.Tests.ConstrainedDelaunayTriangulationTests" name="AddConstraints_PolygonWithHole_BoundaryConstraintsAndPreventsCrossing" />
    </UnitTest>
  </TestDefinitions>
  <TestEntries>
    <TestEntry testId="149461ba-c0a8-9c51-8e41-dddf2b61ec8d" executionId="a687c580-90cd-4f95-90ab-d7c65c5f7631" testListId="8c84fa94-04c1-424b-9868-57a2d4851a1d" />
  </TestEntries>
  <TestLists>
    <TestList name="不在清單中的結果" id="8c84fa94-04c1-424b-9868-57a2d4851a1d" />
    <TestList name="所有載入的結果" id="19431567-8539-422a-85d7-44ee4e166bda" />
  </TestLists>
  <ResultSummary outcome="Failed">
    <Counters total="1" executed="1" passed="0" failed="1" error="0" timeout="0" aborted="0" inconclusive="0" passedButRunAborted="0" notRunnable="0" notExecuted="0" disconnected="0" warning="0" completed="0" inProgress="0" pending="0" />
    <Output>
      <StdOut>[xUnit.net 00:00:00.00] xUnit.net VSTest Adapter v2.8.2+699d445a1a (64-bit .NET 9.0.11)&#xD;
[xUnit.net 00:00:00.05]   Discovering: Spade.Tests&#xD;
[xUnit.net 00:00:00.08]   Discovered:  Spade.Tests&#xD;
[xUnit.net 00:00:00.08]   Starting:    Spade.Tests&#xD;
     Warning:&#xD;
     The component "Fluent Assertions" is governed by the rules defined in the Xceed License Agreement and&#xD;
     the Xceed Fluent Assertions Community License. You may use Fluent Assertions free of charge for&#xD;
     non-commercial use only. An active subscription is required to use Fluent Assertions for commercial use.&#xD;
     Please contact Xceed Sales mailto:sales@xceed.com to acquire a subscription at a very low cost.&#xD;
     A paid commercial license supports the development and continued increasing support of&#xD;
     Fluent Assertions users under both commercial and community licenses. Help us&#xD;
     keep Fluent Assertions at the forefront of unit testing.&#xD;
     For more information, visit https://xceed.com/products/unit-testing/fluent-assertions/&#xD;
[xUnit.net 00:00:00.17]       Expected boolean to be True, but found False.&#xD;
[xUnit.net 00:00:00.18]       Stack Trace:&#xD;
[xUnit.net 00:00:00.18]            at FluentAssertions.Execution.LateBoundTestFramework.Throw(String message)&#xD;
[xUnit.net 00:00:00.18]            at FluentAssertions.Execution.DefaultAssertionStrategy.HandleFailure(String message)&#xD;
[xUnit.net 00:00:00.18]            at FluentAssertions.Execution.AssertionScope.AddPreFormattedFailure(String formattedFailureMessage)&#xD;
[xUnit.net 00:00:00.18]            at FluentAssertions.Execution.AssertionChain.FailWith(Func`1 getFailureReason)&#xD;
[xUnit.net 00:00:00.18]            at FluentAssertions.Execution.AssertionChain.FailWith(Func`1 getFailureReason)&#xD;
[xUnit.net 00:00:00.18]            at FluentAssertions.Execution.AssertionChain.FailWith(String message, Object[] args)&#xD;
[xUnit.net 00:00:00.18]            at FluentAssertions.Primitives.BooleanAssertions`1.BeTrue(String because, Object[] becauseArgs)&#xD;
[xUnit.net 00:00:00.18]         D:\lunar-snake\personal-work\yokan-projects\pigeon-pea\dotnet\_lib\spade-port\dotnet\tests\Spade.Tests\ConstrainedDelaunayTriangulationTests.cs(395,0): at Spade.Tests.ConstrainedDelaunayTriangulationTests.AddConstraints_PolygonWithHole_BoundaryConstraintsAndPreventsCrossing()&#xD;
[xUnit.net 00:00:00.18]            at System.RuntimeMethodHandle.InvokeMethod(Object target, Void** arguments, Signature sig, Boolean isConstructor)&#xD;
[xUnit.net 00:00:00.18]            at System.Reflection.MethodBaseInvoker.InvokeWithNoArgs(Object obj, BindingFlags invokeAttr)&#xD;
[xUnit.net 00:00:00.18]   Finished:    Spade.Tests&#xD;
</StdOut>
    </Output>
    <RunInfos>
      <RunInfo computerName="DESKTOP-UETCMBK" outcome="Error" timestamp="2025-11-25T10:31:35.3369103+08:00">
        <Text>[xUnit.net 00:00:00.17]     Spade.Tests.ConstrainedDelaunayTriangulationTests.AddConstraints_PolygonWithHole_BoundaryConstraintsAndPreventsCrossing [FAIL]</Text>
      </RunInfo>
    </RunInfos>
  </ResultSummary>
</TestRun>
