<?xml version="1.0" encoding="utf-8"?>
<TestRun id="d4014e74-5e3c-4a84-b535-36023a88ab3e" name="User@DESKTOP-UETCMBK 2025-11-25 01:00:42" runUser="DESKTOP-UETCMBK\User" xmlns="http://microsoft.com/schemas/VisualStudio/TeamTest/2010">
  <Times creation="2025-11-25T01:00:42.0484836+08:00" queuing="2025-11-25T01:00:42.0484837+08:00" start="2025-11-25T01:00:41.3600000+08:00" finish="2025-11-25T01:00:42.0539585+08:00" />
  <TestSettings name="default" id="bb7891c0-33c0-48eb-935d-520abfcc7406">
    <Deployment runDeploymentRoot="User_DESKTOP-UETCMBK_2025-11-25_01_00_42" />
  </TestSettings>
  <Results>
    <UnitTestResult executionId="f6772381-bb1d-4ada-84a3-82464bc8cf63" testId="22ae57f4-2274-1269-0f32-d250df9fb82c" testName="Spade.Tests.Validation.DelaunayOracleTests.DelaunayTopology_SpadeVsNts_On_RectangleWithCenter" computerName="DESKTOP-UETCMBK" duration="00:00:00.1035937" startTime="2025-11-25T01:00:41.9577214+08:00" endTime="2025-11-25T01:00:41.9577335+08:00" testType="13cdc9d9-ddb5-4fa4-a97d-d965ccfc6d4b" outcome="Failed" testListId="8c84fa94-04c1-424b-9868-57a2d4851a1d" relativeResultsDirectory="f6772381-bb1d-4ada-84a3-82464bc8cf63">
      <Output>
        <ErrorInfo>
          <Message>Expected spadeAdjacency[i] to be a collection with 3 item(s) because adjacency for vertex 0 should match NTS on rectangle-with-center, but {1, 3}&#xD;
contains 1 item(s) less than&#xD;
{3, 1, 4}.&#xD;

With configuration:
- Prefer the declared type of the members&#xD;
- Compare enums by value&#xD;
- Compare tuples by their properties&#xD;
- Compare anonymous types by their properties&#xD;
- Compare records by their members&#xD;
- Include non-browsable members&#xD;
- Include all non-private properties&#xD;
- Include all non-private fields&#xD;
- Match (JSON) member by name (or throw)&#xD;
- Be strict about the order of items in byte arrays&#xD;
- Without automatic conversion.&#xD;
</Message>
          <StackTrace>   at FluentAssertions.Execution.LateBoundTestFramework.Throw(String message)&#xD;
   at FluentAssertions.Execution.CollectingAssertionStrategy.ThrowIfAny(IDictionary`2 context)&#xD;
   at FluentAssertions.Execution.AssertionScope.Dispose()&#xD;
   at FluentAssertions.Equivalency.EquivalencyValidator.AssertEquality(Comparands comparands, EquivalencyValidationContext context)&#xD;
   at FluentAssertions.Equivalency.EquivalencyValidator.AssertEquality(Comparands comparands, EquivalencyValidationContext context)&#xD;
   at FluentAssertions.Collections.GenericCollectionAssertions`3.BeEquivalentTo[TExpectation](IEnumerable`1 expectation, Func`2 config, String because, Object[] becauseArgs)&#xD;
   at FluentAssertions.Collections.GenericCollectionAssertions`3.BeEquivalentTo[TExpectation](IEnumerable`1 expectation, String because, Object[] becauseArgs)&#xD;
   at Spade.Tests.Validation.DelaunayOracleTests.DelaunayTopology_SpadeVsNts_On_RectangleWithCenter() in D:\lunar-snake\personal-work\yokan-projects\pigeon-pea\dotnet\_lib\spade-port\dotnet\tests\Spade.Tests\Validation\DelaunayOracleTests.cs:line 270&#xD;
   at System.RuntimeMethodHandle.InvokeMethod(Object target, Void** arguments, Signature sig, Boolean isConstructor)&#xD;
   at System.Reflection.MethodBaseInvoker.InvokeWithNoArgs(Object obj, BindingFlags invokeAttr)</StackTrace>
        </ErrorInfo>
      </Output>
    </UnitTestResult>
    <UnitTestResult executionId="01af07d5-6cf0-4f7d-aed0-4e605ba79fe3" testId="f92e8abd-e2cd-a85f-174f-10c9d1089d21" testName="Spade.Tests.VoronoiTests.DelaunayTopology_SpadeVsNts_On_RectangleWithCenter" computerName="DESKTOP-UETCMBK" duration="00:00:00.1036053" startTime="2025-11-25T01:00:41.9608577+08:00" endTime="2025-11-25T01:00:41.9608579+08:00" testType="13cdc9d9-ddb5-4fa4-a97d-d965ccfc6d4b" outcome="Failed" testListId="8c84fa94-04c1-424b-9868-57a2d4851a1d" relativeResultsDirectory="01af07d5-6cf0-4f7d-aed0-4e605ba79fe3">
      <Output>
        <ErrorInfo>
          <Message>Expected spadeAdjacency[i] to be a collection with 3 item(s) because adjacency for vertex 0 should match NTS on rectangle-with-center, but {1, 3}&#xD;
contains 1 item(s) less than&#xD;
{3, 1, 4}.&#xD;

With configuration:
- Prefer the declared type of the members&#xD;
- Compare enums by value&#xD;
- Compare tuples by their properties&#xD;
- Compare anonymous types by their properties&#xD;
- Compare records by their members&#xD;
- Include non-browsable members&#xD;
- Include all non-private properties&#xD;
- Include all non-private fields&#xD;
- Match (JSON) member by name (or throw)&#xD;
- Be strict about the order of items in byte arrays&#xD;
- Without automatic conversion.&#xD;
</Message>
          <StackTrace>   at FluentAssertions.Execution.LateBoundTestFramework.Throw(String message)&#xD;
   at FluentAssertions.Execution.CollectingAssertionStrategy.ThrowIfAny(IDictionary`2 context)&#xD;
   at FluentAssertions.Execution.AssertionScope.Dispose()&#xD;
   at FluentAssertions.Equivalency.EquivalencyValidator.AssertEquality(Comparands comparands, EquivalencyValidationContext context)&#xD;
   at FluentAssertions.Equivalency.EquivalencyValidator.AssertEquality(Comparands comparands, EquivalencyValidationContext context)&#xD;
   at FluentAssertions.Collections.GenericCollectionAssertions`3.BeEquivalentTo[TExpectation](IEnumerable`1 expectation, Func`2 config, String because, Object[] becauseArgs)&#xD;
   at FluentAssertions.Collections.GenericCollectionAssertions`3.BeEquivalentTo[TExpectation](IEnumerable`1 expectation, String because, Object[] becauseArgs)&#xD;
   at Spade.Tests.VoronoiTests.DelaunayTopology_SpadeVsNts_On_RectangleWithCenter() in D:\lunar-snake\personal-work\yokan-projects\pigeon-pea\dotnet\_lib\spade-port\dotnet\tests\Spade.Tests\VoronoiTests.cs:line 432&#xD;
   at System.RuntimeMethodHandle.InvokeMethod(Object target, Void** arguments, Signature sig, Boolean isConstructor)&#xD;
   at System.Reflection.MethodBaseInvoker.InvokeWithNoArgs(Object obj, BindingFlags invokeAttr)</StackTrace>
        </ErrorInfo>
      </Output>
    </UnitTestResult>
  </Results>
  <TestDefinitions>
    <UnitTest name="Spade.Tests.Validation.DelaunayOracleTests.DelaunayTopology_SpadeVsNts_On_RectangleWithCenter" storage="d:\lunar-snake\personal-work\yokan-projects\pigeon-pea\dotnet\_lib\spade-port\dotnet\tests\spade.tests\bin\debug\net9.0\spade.tests.dll" id="22ae57f4-2274-1269-0f32-d250df9fb82c">
      <Execution id="f6772381-bb1d-4ada-84a3-82464bc8cf63" />
      <TestMethod codeBase="D:\lunar-snake\personal-work\yokan-projects\pigeon-pea\dotnet\_lib\spade-port\dotnet\tests\Spade.Tests\bin\Debug\net9.0\Spade.Tests.dll" adapterTypeName="executor://xunit/VsTestRunner2/netcoreapp" className="Spade.Tests.Validation.DelaunayOracleTests" name="DelaunayTopology_SpadeVsNts_On_RectangleWithCenter" />
    </UnitTest>
    <UnitTest name="Spade.Tests.VoronoiTests.DelaunayTopology_SpadeVsNts_On_RectangleWithCenter" storage="d:\lunar-snake\personal-work\yokan-projects\pigeon-pea\dotnet\_lib\spade-port\dotnet\tests\spade.tests\bin\debug\net9.0\spade.tests.dll" id="f92e8abd-e2cd-a85f-174f-10c9d1089d21">
      <Execution id="01af07d5-6cf0-4f7d-aed0-4e605ba79fe3" />
      <TestMethod codeBase="D:\lunar-snake\personal-work\yokan-projects\pigeon-pea\dotnet\_lib\spade-port\dotnet\tests\Spade.Tests\bin\Debug\net9.0\Spade.Tests.dll" adapterTypeName="executor://xunit/VsTestRunner2/netcoreapp" className="Spade.Tests.VoronoiTests" name="DelaunayTopology_SpadeVsNts_On_RectangleWithCenter" />
    </UnitTest>
  </TestDefinitions>
  <TestEntries>
    <TestEntry testId="22ae57f4-2274-1269-0f32-d250df9fb82c" executionId="f6772381-bb1d-4ada-84a3-82464bc8cf63" testListId="8c84fa94-04c1-424b-9868-57a2d4851a1d" />
    <TestEntry testId="f92e8abd-e2cd-a85f-174f-10c9d1089d21" executionId="01af07d5-6cf0-4f7d-aed0-4e605ba79fe3" testListId="8c84fa94-04c1-424b-9868-57a2d4851a1d" />
  </TestEntries>
  <TestLists>
    <TestList name="不在清單中的結果" id="8c84fa94-04c1-424b-9868-57a2d4851a1d" />
    <TestList name="所有載入的結果" id="19431567-8539-422a-85d7-44ee4e166bda" />
  </TestLists>
  <ResultSummary outcome="Failed">
    <Counters total="2" executed="2" passed="0" failed="2" error="0" timeout="0" aborted="0" inconclusive="0" passedButRunAborted="0" notRunnable="0" notExecuted="0" disconnected="0" warning="0" completed="0" inProgress="0" pending="0" />
    <Output>
      <StdOut>[xUnit.net 00:00:00.00] xUnit.net VSTest Adapter v2.8.2+699d445a1a (64-bit .NET 9.0.11)&#xD;
[xUnit.net 00:00:00.05]   Discovering: Spade.Tests&#xD;
[xUnit.net 00:00:00.08]   Discovered:  Spade.Tests&#xD;
[xUnit.net 00:00:00.09]   Starting:    Spade.Tests&#xD;
     Warning:&#xD;
     The component "Fluent Assertions" is governed by the rules defined in the Xceed License Agreement and&#xD;
     the Xceed Fluent Assertions Community License. You may use Fluent Assertions free of charge for&#xD;
     non-commercial use only. An active subscription is required to use Fluent Assertions for commercial use.&#xD;
     Please contact Xceed Sales mailto:sales@xceed.com to acquire a subscription at a very low cost.&#xD;
     A paid commercial license supports the development and continued increasing support of&#xD;
     Fluent Assertions users under both commercial and community licenses. Help us&#xD;
     keep Fluent Assertions at the forefront of unit testing.&#xD;
     For more information, visit https://xceed.com/products/unit-testing/fluent-assertions/&#xD;
[xUnit.net 00:00:00.23]       Expected spadeAdjacency[i] to be a collection with 3 item(s) because adjacency for vertex 0 should match NTS on rectangle-with-center, but {1, 3}&#xD;
[xUnit.net 00:00:00.23]       contains 1 item(s) less than&#xD;
[xUnit.net 00:00:00.23]       {3, 1, 4}.&#xD;
[xUnit.net 00:00:00.23]       
With configuration:
- Prefer the declared type of the members&#xD;
[xUnit.net 00:00:00.23]       - Compare enums by value&#xD;
[xUnit.net 00:00:00.23]       - Compare tuples by their properties&#xD;
[xUnit.net 00:00:00.23]       - Compare anonymous types by their properties&#xD;
[xUnit.net 00:00:00.23]       - Compare records by their members&#xD;
[xUnit.net 00:00:00.23]       - Include non-browsable members&#xD;
[xUnit.net 00:00:00.23]       - Include all non-private properties&#xD;
[xUnit.net 00:00:00.23]       - Include all non-private fields&#xD;
[xUnit.net 00:00:00.23]       - Match (JSON) member by name (or throw)&#xD;
[xUnit.net 00:00:00.23]       - Be strict about the order of items in byte arrays&#xD;
[xUnit.net 00:00:00.23]       - Without automatic conversion.&#xD;
[xUnit.net 00:00:00.23]       &#xD;
[xUnit.net 00:00:00.23]       Stack Trace:&#xD;
[xUnit.net 00:00:00.23]            at FluentAssertions.Execution.LateBoundTestFramework.Throw(String message)&#xD;
[xUnit.net 00:00:00.23]            at FluentAssertions.Execution.CollectingAssertionStrategy.ThrowIfAny(IDictionary`2 context)&#xD;
[xUnit.net 00:00:00.23]            at FluentAssertions.Execution.AssertionScope.Dispose()&#xD;
[xUnit.net 00:00:00.23]            at FluentAssertions.Equivalency.EquivalencyValidator.AssertEquality(Comparands comparands, EquivalencyValidationContext context)&#xD;
[xUnit.net 00:00:00.23]            at FluentAssertions.Equivalency.EquivalencyValidator.AssertEquality(Comparands comparands, EquivalencyValidationContext context)&#xD;
[xUnit.net 00:00:00.23]            at FluentAssertions.Collections.GenericCollectionAssertions`3.BeEquivalentTo[TExpectation](IEnumerable`1 expectation, Func`2 config, String because, Object[] becauseArgs)&#xD;
[xUnit.net 00:00:00.23]            at FluentAssertions.Collections.GenericCollectionAssertions`3.BeEquivalentTo[TExpectation](IEnumerable`1 expectation, String because, Object[] becauseArgs)&#xD;
[xUnit.net 00:00:00.23]         D:\lunar-snake\personal-work\yokan-projects\pigeon-pea\dotnet\_lib\spade-port\dotnet\tests\Spade.Tests\Validation\DelaunayOracleTests.cs(270,0): at Spade.Tests.Validation.DelaunayOracleTests.DelaunayTopology_SpadeVsNts_On_RectangleWithCenter()&#xD;
[xUnit.net 00:00:00.23]            at System.RuntimeMethodHandle.InvokeMethod(Object target, Void** arguments, Signature sig, Boolean isConstructor)&#xD;
[xUnit.net 00:00:00.23]            at System.Reflection.MethodBaseInvoker.InvokeWithNoArgs(Object obj, BindingFlags invokeAttr)&#xD;
[xUnit.net 00:00:00.23]       Expected spadeAdjacency[i] to be a collection with 3 item(s) because adjacency for vertex 0 should match NTS on rectangle-with-center, but {1, 3}&#xD;
[xUnit.net 00:00:00.23]       contains 1 item(s) less than&#xD;
[xUnit.net 00:00:00.23]       {3, 1, 4}.&#xD;
[xUnit.net 00:00:00.23]       
With configuration:
- Prefer the declared type of the members&#xD;
[xUnit.net 00:00:00.23]       - Compare enums by value&#xD;
[xUnit.net 00:00:00.23]       - Compare tuples by their properties&#xD;
[xUnit.net 00:00:00.23]       - Compare anonymous types by their properties&#xD;
[xUnit.net 00:00:00.23]       - Compare records by their members&#xD;
[xUnit.net 00:00:00.23]       - Include non-browsable members&#xD;
[xUnit.net 00:00:00.23]       - Include all non-private properties&#xD;
[xUnit.net 00:00:00.23]       - Include all non-private fields&#xD;
[xUnit.net 00:00:00.23]       - Match (JSON) member by name (or throw)&#xD;
[xUnit.net 00:00:00.23]       - Be strict about the order of items in byte arrays&#xD;
[xUnit.net 00:00:00.23]       - Without automatic conversion.&#xD;
[xUnit.net 00:00:00.23]       &#xD;
[xUnit.net 00:00:00.24]       Stack Trace:&#xD;
[xUnit.net 00:00:00.24]            at FluentAssertions.Execution.LateBoundTestFramework.Throw(String message)&#xD;
[xUnit.net 00:00:00.24]            at FluentAssertions.Execution.CollectingAssertionStrategy.ThrowIfAny(IDictionary`2 context)&#xD;
[xUnit.net 00:00:00.24]            at FluentAssertions.Execution.AssertionScope.Dispose()&#xD;
[xUnit.net 00:00:00.24]            at FluentAssertions.Equivalency.EquivalencyValidator.AssertEquality(Comparands comparands, EquivalencyValidationContext context)&#xD;
[xUnit.net 00:00:00.24]            at FluentAssertions.Equivalency.EquivalencyValidator.AssertEquality(Comparands comparands, EquivalencyValidationContext context)&#xD;
[xUnit.net 00:00:00.24]            at FluentAssertions.Collections.GenericCollectionAssertions`3.BeEquivalentTo[TExpectation](IEnumerable`1 expectation, Func`2 config, String because, Object[] becauseArgs)&#xD;
[xUnit.net 00:00:00.24]            at FluentAssertions.Collections.GenericCollectionAssertions`3.BeEquivalentTo[TExpectation](IEnumerable`1 expectation, String because, Object[] becauseArgs)&#xD;
[xUnit.net 00:00:00.24]         D:\lunar-snake\personal-work\yokan-projects\pigeon-pea\dotnet\_lib\spade-port\dotnet\tests\Spade.Tests\VoronoiTests.cs(432,0): at Spade.Tests.VoronoiTests.DelaunayTopology_SpadeVsNts_On_RectangleWithCenter()&#xD;
[xUnit.net 00:00:00.24]            at System.RuntimeMethodHandle.InvokeMethod(Object target, Void** arguments, Signature sig, Boolean isConstructor)&#xD;
[xUnit.net 00:00:00.24]            at System.Reflection.MethodBaseInvoker.InvokeWithNoArgs(Object obj, BindingFlags invokeAttr)&#xD;
[xUnit.net 00:00:00.24]   Finished:    Spade.Tests&#xD;
</StdOut>
    </Output>
    <RunInfos>
      <RunInfo computerName="DESKTOP-UETCMBK" outcome="Error" timestamp="2025-11-25T01:00:41.9550689+08:00">
        <Text>[xUnit.net 00:00:00.23]     Spade.Tests.Validation.DelaunayOracleTests.DelaunayTopology_SpadeVsNts_On_RectangleWithCenter [FAIL]</Text>
      </RunInfo>
      <RunInfo computerName="DESKTOP-UETCMBK" outcome="Error" timestamp="2025-11-25T01:00:41.9598948+08:00">
        <Text>[xUnit.net 00:00:00.23]     Spade.Tests.VoronoiTests.DelaunayTopology_SpadeVsNts_On_RectangleWithCenter [FAIL]</Text>
      </RunInfo>
    </RunInfos>
  </ResultSummary>
</TestRun>